<!DOCTYPE html>

<html>
  <head>
  <meta charset='utf-8'>
  <title>TestNG reports</title>

    <link type="text/css" href="testng-reports1.css" rel="stylesheet" id="ultra" />
    <link type="text/css" href="testng-reports.css" rel="stylesheet" id="retro" disabled="false"/>
    <script type="text/javascript" src="jquery.min.js"></script>
    <script type="text/javascript" src="testng-reports.js"></script>
    <script type="text/javascript" src="https://www.google.com/jsapi"></script>
    <script type='text/javascript'>
      google.load('visualization', '1', {packages:['table']});
      google.setOnLoadCallback(drawTable);
      var suiteTableInitFunctions = new Array();
      var suiteTableData = new Array();
    </script>
    <!--
      <script type="text/javascript" src="jquery-ui/js/jquery-ui-1.8.16.custom.min.js"></script>
     -->
  </head>

  <body>
    <div class="top-banner-root">
      <span class="top-banner-title-font">Test results</span>
      <button id="button" class="button">Switch Retro Theme</button> <!-- button -->
      <br/>
      <span class="top-banner-font-1">1 suite, 10 failed tests</span>
    </div> <!-- top-banner-root -->
    <div class="navigator-root">
      <div class="navigator-suite-header">
        <span>All suites</span>
        <a href="#" title="Collapse/expand all the suites" class="collapse-all-link">
          <img src="collapseall.gif" class="collapse-all-icon">
          </img> <!-- collapse-all-icon -->
        </a> <!-- collapse-all-link -->
      </div> <!-- navigator-suite-header -->
      <div class="suite">
        <div class="rounded-window">
          <div class="suite-header light-rounded-window-top">
            <a href="#" panel-name="suite-Suite" class="navigator-link">
              <span class="suite-name border-failed">Suite</span>
            </a> <!-- navigator-link -->
          </div> <!-- suite-header light-rounded-window-top -->
          <div class="navigator-suite-content">
            <div class="suite-section-title">
              <span>Info</span>
            </div> <!-- suite-section-title -->
            <div class="suite-section-content">
              <ul>
                <li>
                  <a href="#" panel-name="test-xml-Suite" class="navigator-link ">
                    <span>E:\EclipseClass\SpiceJetProject\testng.xml</span>
                  </a> <!-- navigator-link  -->
                </li>
                <li>
                  <a href="#" panel-name="testlist-Suite" class="navigator-link ">
                    <span class="test-stats">1 test</span>
                  </a> <!-- navigator-link  -->
                </li>
                <li>
                  <a href="#" panel-name="group-Suite" class="navigator-link ">
                    <span>0 groups</span>
                  </a> <!-- navigator-link  -->
                </li>
                <li>
                  <a href="#" panel-name="times-Suite" class="navigator-link ">
                    <span>Times</span>
                  </a> <!-- navigator-link  -->
                </li>
                <li>
                  <a href="#" panel-name="reporter-Suite" class="navigator-link ">
                    <span>Reporter output</span>
                  </a> <!-- navigator-link  -->
                </li>
                <li>
                  <a href="#" panel-name="ignored-methods-Suite" class="navigator-link ">
                    <span>Ignored methods</span>
                  </a> <!-- navigator-link  -->
                </li>
                <li>
                  <a href="#" panel-name="chronological-Suite" class="navigator-link ">
                    <span>Chronological view</span>
                  </a> <!-- navigator-link  -->
                </li>
              </ul>
            </div> <!-- suite-section-content -->
            <div class="result-section">
              <div class="suite-section-title">
                <span>Results</span>
              </div> <!-- suite-section-title -->
              <div class="suite-section-content">
                <ul>
                  <li>
                    <span class="method-stats">16 methods, 10 failed,   6 passed</span>
                  </li>
                  <li>
                    <span class="method-list-title failed">Failed methods</span>
                    <span class="show-or-hide-methods failed">
                      <a href="#" panel-name="suite-Suite" class="hide-methods failed suite-Suite"> (hide)</a> <!-- hide-methods failed suite-Suite -->
                      <a href="#" panel-name="suite-Suite" class="show-methods failed suite-Suite"> (show)</a> <!-- show-methods failed suite-Suite -->
                    </span>
                    <div class="method-list-content failed suite-Suite">
                      <span>
                        <img src="failed.png" width="3%"/>
                        <a href="#" panel-name="suite-Suite" title="test.TC002_SignUp" class="method navigator-link" hash-for-method="tc_02_signUpToSpiceJetApp(Mr, Pavan, Kumar, India, 6/14/1992, 9441349527, pavan789.com, Pundu567@, Pundu567@)">tc_02_signUpToSpiceJetApp(Mr, Pavan, Kumar, India, 6/14/1992, 9441349527, pavan789.com, Pundu567@, Pundu567@)</a> <!-- method navigator-link -->
                      </span>
                      <br/>
                      <span>
                        <img src="failed.png" width="3%"/>
                        <a href="#" panel-name="suite-Suite" title="test.TC002_SignUp" class="method navigator-link" hash-for-method="tc_02_signUpToSpiceJetApp(Mr, , Kumar, India, 6/14/1992, 9441349527, pavan789@gmail.com, Pundu567@, Pundu567@)">tc_02_signUpToSpiceJetApp(Mr, , Kumar, India, 6/14/1992, 9441349527, pavan789@gmail.com, Pundu567@, Pundu567@)</a> <!-- method navigator-link -->
                      </span>
                      <br/>
                      <span>
                        <img src="failed.png" width="3%"/>
                        <a href="#" panel-name="suite-Suite" title="test.TC002_SignUp" class="method navigator-link" hash-for-method="tc_02_signUpToSpiceJetApp(Mr, Pavan, Kumar, India, 6/14/1992, 9441349527, pavan789@gmail.com, Pundu567@, Pundu)">tc_02_signUpToSpiceJetApp(Mr, Pavan, Kumar, India, 6/14/1992, 9441349527, pavan789@gmail.com, Pundu567@, Pundu)</a> <!-- method navigator-link -->
                      </span>
                      <br/>
                      <span>
                        <img src="failed.png" width="3%"/>
                        <a href="#" panel-name="suite-Suite" title="test.TC002_SignUp" class="method navigator-link" hash-for-method="tc_02_signUpToSpiceJetApp(Mr, Pavan, Kumar, India, 6/14/1992, 987654321, pavan789@gmail.com, Pundu567@, Pundu567@)">tc_02_signUpToSpiceJetApp(Mr, Pavan, Kumar, India, 6/14/1992, 987654321, pavan789@gmail.com, Pundu567@, Pundu567@)</a> <!-- method navigator-link -->
                      </span>
                      <br/>
                      <span>
                        <img src="failed.png" width="3%"/>
                        <a href="#" panel-name="suite-Suite" title="test.TC002_SignUp" class="method navigator-link" hash-for-method="tc_02_signUpToSpiceJetApp(Mr, Pavan, , India, 6/14/1992, 9441349527, pavan789@gmail.com, Pundu567@, Pundu567@)">tc_02_signUpToSpiceJetApp(Mr, Pavan, , India, 6/14/1992, 9441349527, pavan789@gmail.com, Pundu567@, Pundu567@)</a> <!-- method navigator-link -->
                      </span>
                      <br/>
                      <span>
                        <img src="failed.png" width="3%"/>
                        <a href="#" panel-name="suite-Suite" title="test.TC002_SignUp" class="method navigator-link" hash-for-method="tc_02_signUpToSpiceJetApp(Mr, Pavan, Kumar, India, 6/14/1992, 9441349527, pavan789@gmail.com, Pundu, Pundu)">tc_02_signUpToSpiceJetApp(Mr, Pavan, Kumar, India, 6/14/1992, 9441349527, pavan789@gmail.com, Pundu, Pundu)</a> <!-- method navigator-link -->
                      </span>
                      <br/>
                      <span>
                        <img src="failed.png" width="3%"/>
                        <a href="#" panel-name="suite-Suite" title="test.TC002_SignUp" class="method navigator-link" hash-for-method="tc_02_signUpToSpiceJetApp(Mr, Pavan, Kumar, India, 6/14/1992, 9441349527, pavan789@gmail.com, Pundu567@, Pundu567@)">tc_02_signUpToSpiceJetApp(Mr, Pavan, Kumar, India, 6/14/1992, 9441349527, pavan789@gmail.com, Pundu567@, Pundu567@)</a> <!-- method navigator-link -->
                      </span>
                      <br/>
                      <span>
                        <img src="failed.png" width="3%"/>
                        <a href="#" panel-name="suite-Suite" title="test.TC003_LoginWithEmail" class="method navigator-link" hash-for-method="tc_03_loginToSpiceJetApp(pavan789.com, Pundu567@)">tc_03_loginToSpiceJetApp(pavan789.com, Pundu567@)</a> <!-- method navigator-link -->
                      </span>
                      <br/>
                      <span>
                        <img src="failed.png" width="3%"/>
                        <a href="#" panel-name="suite-Suite" title="test.TC003_LoginWithEmail" class="method navigator-link" hash-for-method="tc_03_loginToSpiceJetApp(pavan789@gmail.com, Pundu567@)">tc_03_loginToSpiceJetApp(pavan789@gmail.com, Pundu567@)</a> <!-- method navigator-link -->
                      </span>
                      <br/>
                      <span>
                        <img src="failed.png" width="3%"/>
                        <a href="#" panel-name="suite-Suite" title="test.TC006_SelectFlights" class="method navigator-link" hash-for-method="tc_06_selectFlights">tc_06_selectFlights</a> <!-- method navigator-link -->
                      </span>
                      <br/>
                    </div> <!-- method-list-content failed suite-Suite -->
                  </li>
                  <li>
                    <span class="method-list-title passed">Passed methods</span>
                    <span class="show-or-hide-methods passed">
                      <a href="#" panel-name="suite-Suite" class="hide-methods passed suite-Suite"> (hide)</a> <!-- hide-methods passed suite-Suite -->
                      <a href="#" panel-name="suite-Suite" class="show-methods passed suite-Suite"> (show)</a> <!-- show-methods passed suite-Suite -->
                    </span>
                    <div class="method-list-content passed suite-Suite">
                      <span>
                        <img src="passed.png" width="3%"/>
                        <a href="#" panel-name="suite-Suite" title="test.TC001_NavigatingToSpiceJet" class="method navigator-link" hash-for-method="tc_01_navigateToSpiceJetHomePage">tc_01_navigateToSpiceJetHomePage</a> <!-- method navigator-link -->
                      </span>
                      <br/>
                      <span>
                        <img src="passed.png" width="3%"/>
                        <a href="#" panel-name="suite-Suite" title="test.TC003_LoginWithEmail" class="method navigator-link" hash-for-method="tc_03_loginToSpiceJetApp(pavan789@gmail.com, Pundu)">tc_03_loginToSpiceJetApp(pavan789@gmail.com, Pundu)</a> <!-- method navigator-link -->
                      </span>
                      <br/>
                      <span>
                        <img src="passed.png" width="3%"/>
                        <a href="#" panel-name="suite-Suite" title="test.TC003_LoginWithEmail" class="method navigator-link" hash-for-method="tc_03_loginToSpiceJetApp(pavan789.com, Pundu)">tc_03_loginToSpiceJetApp(pavan789.com, Pundu)</a> <!-- method navigator-link -->
                      </span>
                      <br/>
                      <span>
                        <img src="passed.png" width="3%"/>
                        <a href="#" panel-name="suite-Suite" title="test.TC004_NewFlightOneWay" class="method navigator-link" hash-for-method="tc_04_bookOneWayFlight(Chennai)">tc_04_bookOneWayFlight(Chennai)</a> <!-- method navigator-link -->
                      </span>
                      <br/>
                      <span>
                        <img src="passed.png" width="3%"/>
                        <a href="#" panel-name="suite-Suite" title="test.TC005_NewFlightRoundTrip" class="method navigator-link" hash-for-method="tc_05_bookNewRoundTripFlight(Chennai, Thu, 11 Apr 2024, Sun, 14 Apr 2024)">tc_05_bookNewRoundTripFlight(Chennai, Thu, 11 Apr 2024, Sun, 14 Apr 2024)</a> <!-- method navigator-link -->
                      </span>
                      <br/>
                      <span>
                        <img src="passed.png" width="3%"/>
                        <a href="#" panel-name="suite-Suite" title="test.TC007_ValidateFieldsOnBookingPage" class="method navigator-link" hash-for-method="tc_07_validateFields">tc_07_validateFields</a> <!-- method navigator-link -->
                      </span>
                      <br/>
                    </div> <!-- method-list-content passed suite-Suite -->
                  </li>
                </ul>
              </div> <!-- suite-section-content -->
            </div> <!-- result-section -->
          </div> <!-- navigator-suite-content -->
        </div> <!-- rounded-window -->
      </div> <!-- suite -->
    </div> <!-- navigator-root -->
    <div class="wrapper">
      <div class="main-panel-root">
        <div panel-name="suite-Suite" class="panel Suite">
          <div class="suite-Suite-class-failed">
            <div class="main-panel-header rounded-window-top">
              <img src="failed.png"/>
              <span class="class-name">test.TC002_SignUp</span>
            </div> <!-- main-panel-header rounded-window-top -->
            <div class="main-panel-content rounded-window-bottom">
              <div class="method">
                <div class="method-content">
                  <a name="tc_02_signUpToSpiceJetApp(Mr, Pavan, Kumar, India, 6/14/1992, 9441349527, pavan789.com, Pundu567@, Pundu567@)">
                  </a> <!-- tc_02_signUpToSpiceJetApp(Mr, Pavan, Kumar, India, 6/14/1992, 9441349527, pavan789.com, Pundu567@, Pundu567@) -->
                  <span class="method-name">tc_02_signUpToSpiceJetApp</span>
                  <span class="parameters">(Mr, Pavan, Kumar, India, 6/14/1992, 9441349527, pavan789.com, Pundu567@, Pundu567@)</span>
                  <div class="stack-trace">org.openqa.selenium.TimeoutException: Expected condition failed: waiting for element to be clickable: Proxy element for: DefaultElementLocator &apos;By.xpath: //select[contains(@class, &apos;form-control form-select &apos;)]&apos; (tried for 10 second(s) with 500 milliseconds interval)
	at org.openqa.selenium.support.ui.WebDriverWait.timeoutException(WebDriverWait.java:84)
	at org.openqa.selenium.support.ui.FluentWait.until(FluentWait.java:230)
	at pages.SignUpPage.SignUp(SignUpPage.java:57)
	at test.TC002_SignUp.tc_02_signUpToSpiceJetApp(TC002_SignUp.java:32)
	at java.base/java.util.ArrayList.forEach(ArrayList.java:1511)
Caused by: org.openqa.selenium.NoSuchElementException: no such element: Unable to locate element: {&quot;method&quot;:&quot;xpath&quot;,&quot;selector&quot;:&quot;//select[contains(@class, &apos;form-control form-select &apos;)]&quot;}
  (Session info: MicrosoftEdge=123.0.2420.65)
For documentation on this error, please visit: https://www.selenium.dev/documentation/webdriver/troubleshooting/errors#no-such-element-exception
Build info: version: &apos;4.11.0&apos;, revision: &apos;040bc5406b&apos;
System info: os.name: &apos;Windows 11&apos;, os.arch: &apos;amd64&apos;, os.version: &apos;10.0&apos;, java.version: &apos;17.0.9&apos;
Driver info: org.openqa.selenium.edge.EdgeDriver
Command: [4cda3adf524604754411a63e96368d34, findElement {using=xpath, value=//select[contains(@class, &apos;form-control form-select &apos;)]}]
Capabilities {acceptInsecureCerts: false, browserName: MicrosoftEdge, browserVersion: 123.0.2420.65, fedcm:accounts: true, ms:edgeOptions: {debuggerAddress: localhost:54956}, msedge: {msedgedriverVersion: 123.0.2420.65 (49b6a5859239..., userDataDir: C:\Users\homeh\AppData\Loca...}, networkConnectionEnabled: false, pageLoadStrategy: normal, platformName: windows, proxy: Proxy(), se:cdp: ws://localhost:54956/devtoo..., se:cdpVersion: 123.0.2420.65, setWindowRect: true, strictFileInteractability: false, timeouts: {implicit: 0, pageLoad: 300000, script: 30000}, unhandledPromptBehavior: dismiss and notify, webauthn:extension:credBlob: true, webauthn:extension:largeBlob: true, webauthn:extension:minPinLength: true, webauthn:extension:prf: true, webauthn:virtualAuthenticators: true}
Session ID: 4cda3adf524604754411a63e96368d34
	at org.openqa.selenium.remote.codec.w3c.W3CHttpResponseCodec.createException(W3CHttpResponseCodec.java:200)
	at org.openqa.selenium.remote.codec.w3c.W3CHttpResponseCodec.decode(W3CHttpResponseCodec.java:133)
	at org.openqa.selenium.remote.codec.w3c.W3CHttpResponseCodec.decode(W3CHttpResponseCodec.java:52)
	at org.openqa.selenium.remote.HttpCommandExecutor.execute(HttpCommandExecutor.java:191)
	at org.openqa.selenium.remote.service.DriverCommandExecutor.invokeExecute(DriverCommandExecutor.java:196)
	at org.openqa.selenium.remote.service.DriverCommandExecutor.execute(DriverCommandExecutor.java:171)
	at org.openqa.selenium.remote.RemoteWebDriver.execute(RemoteWebDriver.java:518)
	at org.openqa.selenium.remote.ElementLocation$ElementFinder$2.findElement(ElementLocation.java:165)
	at org.openqa.selenium.remote.ElementLocation.findElement(ElementLocation.java:59)
	at org.openqa.selenium.remote.RemoteWebDriver.findElement(RemoteWebDriver.java:355)
	at org.openqa.selenium.remote.RemoteWebDriver.findElement(RemoteWebDriver.java:349)
	at org.openqa.selenium.support.pagefactory.DefaultElementLocator.findElement(DefaultElementLocator.java:68)
	at org.openqa.selenium.support.pagefactory.internal.LocatingElementHandler.invoke(LocatingElementHandler.java:38)
	at jdk.proxy2/jdk.proxy2.$Proxy40.isDisplayed(Unknown Source)
	at org.openqa.selenium.support.ui.ExpectedConditions.elementIfVisible(ExpectedConditions.java:304)
	at org.openqa.selenium.support.ui.ExpectedConditions.access$000(ExpectedConditions.java:37)
	at org.openqa.selenium.support.ui.ExpectedConditions$10.apply(ExpectedConditions.java:290)
	at org.openqa.selenium.support.ui.ExpectedConditions$10.apply(ExpectedConditions.java:287)
	at org.openqa.selenium.support.ui.ExpectedConditions$23.apply(ExpectedConditions.java:656)
	at org.openqa.selenium.support.ui.ExpectedConditions$23.apply(ExpectedConditions.java:652)
	at org.openqa.selenium.support.ui.FluentWait.until(FluentWait.java:205)
	... 30 more
... Removed 32 stack frames
</div> <!-- stack-trace -->
                </div> <!-- method-content -->
              </div> <!-- method -->
              <div class="method">
                <div class="method-content">
                  <a name="tc_02_signUpToSpiceJetApp(Mr, , Kumar, India, 6/14/1992, 9441349527, pavan789@gmail.com, Pundu567@, Pundu567@)">
                  </a> <!-- tc_02_signUpToSpiceJetApp(Mr, , Kumar, India, 6/14/1992, 9441349527, pavan789@gmail.com, Pundu567@, Pundu567@) -->
                  <span class="method-name">tc_02_signUpToSpiceJetApp</span>
                  <span class="parameters">(Mr, , Kumar, India, 6/14/1992, 9441349527, pavan789@gmail.com, Pundu567@, Pundu567@)</span>
                  <div class="stack-trace">org.openqa.selenium.TimeoutException: Expected condition failed: waiting for element to be clickable: Proxy element for: DefaultElementLocator &apos;By.xpath: //select[contains(@class, &apos;form-control form-select &apos;)]&apos; (tried for 10 second(s) with 500 milliseconds interval)
	at org.openqa.selenium.support.ui.WebDriverWait.timeoutException(WebDriverWait.java:84)
	at org.openqa.selenium.support.ui.FluentWait.until(FluentWait.java:230)
	at pages.SignUpPage.SignUp(SignUpPage.java:57)
	at test.TC002_SignUp.tc_02_signUpToSpiceJetApp(TC002_SignUp.java:32)
	at java.base/java.util.ArrayList.forEach(ArrayList.java:1511)
Caused by: org.openqa.selenium.NoSuchElementException: no such element: Unable to locate element: {&quot;method&quot;:&quot;xpath&quot;,&quot;selector&quot;:&quot;//select[contains(@class, &apos;form-control form-select &apos;)]&quot;}
  (Session info: MicrosoftEdge=123.0.2420.65)
For documentation on this error, please visit: https://www.selenium.dev/documentation/webdriver/troubleshooting/errors#no-such-element-exception
Build info: version: &apos;4.11.0&apos;, revision: &apos;040bc5406b&apos;
System info: os.name: &apos;Windows 11&apos;, os.arch: &apos;amd64&apos;, os.version: &apos;10.0&apos;, java.version: &apos;17.0.9&apos;
Driver info: org.openqa.selenium.edge.EdgeDriver
Command: [ab81711befe7ed8e579a84d0b5ac63c0, findElement {using=xpath, value=//select[contains(@class, &apos;form-control form-select &apos;)]}]
Capabilities {acceptInsecureCerts: false, browserName: MicrosoftEdge, browserVersion: 123.0.2420.65, fedcm:accounts: true, ms:edgeOptions: {debuggerAddress: localhost:54859}, msedge: {msedgedriverVersion: 123.0.2420.65 (49b6a5859239..., userDataDir: C:\Users\homeh\AppData\Loca...}, networkConnectionEnabled: false, pageLoadStrategy: normal, platformName: windows, proxy: Proxy(), se:cdp: ws://localhost:54859/devtoo..., se:cdpVersion: 123.0.2420.65, setWindowRect: true, strictFileInteractability: false, timeouts: {implicit: 0, pageLoad: 300000, script: 30000}, unhandledPromptBehavior: dismiss and notify, webauthn:extension:credBlob: true, webauthn:extension:largeBlob: true, webauthn:extension:minPinLength: true, webauthn:extension:prf: true, webauthn:virtualAuthenticators: true}
Session ID: ab81711befe7ed8e579a84d0b5ac63c0
	at org.openqa.selenium.remote.codec.w3c.W3CHttpResponseCodec.createException(W3CHttpResponseCodec.java:200)
	at org.openqa.selenium.remote.codec.w3c.W3CHttpResponseCodec.decode(W3CHttpResponseCodec.java:133)
	at org.openqa.selenium.remote.codec.w3c.W3CHttpResponseCodec.decode(W3CHttpResponseCodec.java:52)
	at org.openqa.selenium.remote.HttpCommandExecutor.execute(HttpCommandExecutor.java:191)
	at org.openqa.selenium.remote.service.DriverCommandExecutor.invokeExecute(DriverCommandExecutor.java:196)
	at org.openqa.selenium.remote.service.DriverCommandExecutor.execute(DriverCommandExecutor.java:171)
	at org.openqa.selenium.remote.RemoteWebDriver.execute(RemoteWebDriver.java:518)
	at org.openqa.selenium.remote.ElementLocation$ElementFinder$2.findElement(ElementLocation.java:165)
	at org.openqa.selenium.remote.ElementLocation.findElement(ElementLocation.java:59)
	at org.openqa.selenium.remote.RemoteWebDriver.findElement(RemoteWebDriver.java:355)
	at org.openqa.selenium.remote.RemoteWebDriver.findElement(RemoteWebDriver.java:349)
	at org.openqa.selenium.support.pagefactory.DefaultElementLocator.findElement(DefaultElementLocator.java:68)
	at org.openqa.selenium.support.pagefactory.internal.LocatingElementHandler.invoke(LocatingElementHandler.java:38)
	at jdk.proxy2/jdk.proxy2.$Proxy40.isDisplayed(Unknown Source)
	at org.openqa.selenium.support.ui.ExpectedConditions.elementIfVisible(ExpectedConditions.java:304)
	at org.openqa.selenium.support.ui.ExpectedConditions.access$000(ExpectedConditions.java:37)
	at org.openqa.selenium.support.ui.ExpectedConditions$10.apply(ExpectedConditions.java:290)
	at org.openqa.selenium.support.ui.ExpectedConditions$10.apply(ExpectedConditions.java:287)
	at org.openqa.selenium.support.ui.ExpectedConditions$23.apply(ExpectedConditions.java:656)
	at org.openqa.selenium.support.ui.ExpectedConditions$23.apply(ExpectedConditions.java:652)
	at org.openqa.selenium.support.ui.FluentWait.until(FluentWait.java:205)
	... 30 more
... Removed 32 stack frames
</div> <!-- stack-trace -->
                </div> <!-- method-content -->
              </div> <!-- method -->
              <div class="method">
                <div class="method-content">
                  <a name="tc_02_signUpToSpiceJetApp(Mr, Pavan, Kumar, India, 6/14/1992, 9441349527, pavan789@gmail.com, Pundu567@, Pundu)">
                  </a> <!-- tc_02_signUpToSpiceJetApp(Mr, Pavan, Kumar, India, 6/14/1992, 9441349527, pavan789@gmail.com, Pundu567@, Pundu) -->
                  <span class="method-name">tc_02_signUpToSpiceJetApp</span>
                  <span class="parameters">(Mr, Pavan, Kumar, India, 6/14/1992, 9441349527, pavan789@gmail.com, Pundu567@, Pundu)</span>
                  <div class="stack-trace">org.openqa.selenium.TimeoutException: Expected condition failed: waiting for element to be clickable: Proxy element for: DefaultElementLocator &apos;By.xpath: //select[contains(@class, &apos;form-control form-select &apos;)]&apos; (tried for 10 second(s) with 500 milliseconds interval)
	at org.openqa.selenium.support.ui.WebDriverWait.timeoutException(WebDriverWait.java:84)
	at org.openqa.selenium.support.ui.FluentWait.until(FluentWait.java:230)
	at pages.SignUpPage.SignUp(SignUpPage.java:57)
	at test.TC002_SignUp.tc_02_signUpToSpiceJetApp(TC002_SignUp.java:32)
	at java.base/java.util.ArrayList.forEach(ArrayList.java:1511)
Caused by: org.openqa.selenium.NoSuchElementException: no such element: Unable to locate element: {&quot;method&quot;:&quot;xpath&quot;,&quot;selector&quot;:&quot;//select[contains(@class, &apos;form-control form-select &apos;)]&quot;}
  (Session info: MicrosoftEdge=123.0.2420.65)
For documentation on this error, please visit: https://www.selenium.dev/documentation/webdriver/troubleshooting/errors#no-such-element-exception
Build info: version: &apos;4.11.0&apos;, revision: &apos;040bc5406b&apos;
System info: os.name: &apos;Windows 11&apos;, os.arch: &apos;amd64&apos;, os.version: &apos;10.0&apos;, java.version: &apos;17.0.9&apos;
Driver info: org.openqa.selenium.edge.EdgeDriver
Command: [a49846adbc7e31fe59c43aa604045c81, findElement {using=xpath, value=//select[contains(@class, &apos;form-control form-select &apos;)]}]
Capabilities {acceptInsecureCerts: false, browserName: MicrosoftEdge, browserVersion: 123.0.2420.65, fedcm:accounts: true, ms:edgeOptions: {debuggerAddress: localhost:55407}, msedge: {msedgedriverVersion: 123.0.2420.65 (49b6a5859239..., userDataDir: C:\Users\homeh\AppData\Loca...}, networkConnectionEnabled: false, pageLoadStrategy: normal, platformName: windows, proxy: Proxy(), se:cdp: ws://localhost:55407/devtoo..., se:cdpVersion: 123.0.2420.65, setWindowRect: true, strictFileInteractability: false, timeouts: {implicit: 0, pageLoad: 300000, script: 30000}, unhandledPromptBehavior: dismiss and notify, webauthn:extension:credBlob: true, webauthn:extension:largeBlob: true, webauthn:extension:minPinLength: true, webauthn:extension:prf: true, webauthn:virtualAuthenticators: true}
Session ID: a49846adbc7e31fe59c43aa604045c81
	at org.openqa.selenium.remote.codec.w3c.W3CHttpResponseCodec.createException(W3CHttpResponseCodec.java:200)
	at org.openqa.selenium.remote.codec.w3c.W3CHttpResponseCodec.decode(W3CHttpResponseCodec.java:133)
	at org.openqa.selenium.remote.codec.w3c.W3CHttpResponseCodec.decode(W3CHttpResponseCodec.java:52)
	at org.openqa.selenium.remote.HttpCommandExecutor.execute(HttpCommandExecutor.java:191)
	at org.openqa.selenium.remote.service.DriverCommandExecutor.invokeExecute(DriverCommandExecutor.java:196)
	at org.openqa.selenium.remote.service.DriverCommandExecutor.execute(DriverCommandExecutor.java:171)
	at org.openqa.selenium.remote.RemoteWebDriver.execute(RemoteWebDriver.java:518)
	at org.openqa.selenium.remote.ElementLocation$ElementFinder$2.findElement(ElementLocation.java:165)
	at org.openqa.selenium.remote.ElementLocation.findElement(ElementLocation.java:59)
	at org.openqa.selenium.remote.RemoteWebDriver.findElement(RemoteWebDriver.java:355)
	at org.openqa.selenium.remote.RemoteWebDriver.findElement(RemoteWebDriver.java:349)
	at org.openqa.selenium.support.pagefactory.DefaultElementLocator.findElement(DefaultElementLocator.java:68)
	at org.openqa.selenium.support.pagefactory.internal.LocatingElementHandler.invoke(LocatingElementHandler.java:38)
	at jdk.proxy2/jdk.proxy2.$Proxy40.isDisplayed(Unknown Source)
	at org.openqa.selenium.support.ui.ExpectedConditions.elementIfVisible(ExpectedConditions.java:304)
	at org.openqa.selenium.support.ui.ExpectedConditions.access$000(ExpectedConditions.java:37)
	at org.openqa.selenium.support.ui.ExpectedConditions$10.apply(ExpectedConditions.java:290)
	at org.openqa.selenium.support.ui.ExpectedConditions$10.apply(ExpectedConditions.java:287)
	at org.openqa.selenium.support.ui.ExpectedConditions$23.apply(ExpectedConditions.java:656)
	at org.openqa.selenium.support.ui.ExpectedConditions$23.apply(ExpectedConditions.java:652)
	at org.openqa.selenium.support.ui.FluentWait.until(FluentWait.java:205)
	... 30 more
... Removed 32 stack frames
</div> <!-- stack-trace -->
                </div> <!-- method-content -->
              </div> <!-- method -->
              <div class="method">
                <div class="method-content">
                  <a name="tc_02_signUpToSpiceJetApp(Mr, Pavan, Kumar, India, 6/14/1992, 987654321, pavan789@gmail.com, Pundu567@, Pundu567@)">
                  </a> <!-- tc_02_signUpToSpiceJetApp(Mr, Pavan, Kumar, India, 6/14/1992, 987654321, pavan789@gmail.com, Pundu567@, Pundu567@) -->
                  <span class="method-name">tc_02_signUpToSpiceJetApp</span>
                  <span class="parameters">(Mr, Pavan, Kumar, India, 6/14/1992, 987654321, pavan789@gmail.com, Pundu567@, Pundu567@)</span>
                  <div class="stack-trace">org.openqa.selenium.TimeoutException: Expected condition failed: waiting for element to be clickable: Proxy element for: DefaultElementLocator &apos;By.xpath: //select[contains(@class, &apos;form-control form-select &apos;)]&apos; (tried for 10 second(s) with 500 milliseconds interval)
	at org.openqa.selenium.support.ui.WebDriverWait.timeoutException(WebDriverWait.java:84)
	at org.openqa.selenium.support.ui.FluentWait.until(FluentWait.java:230)
	at pages.SignUpPage.SignUp(SignUpPage.java:57)
	at test.TC002_SignUp.tc_02_signUpToSpiceJetApp(TC002_SignUp.java:32)
	at java.base/java.util.ArrayList.forEach(ArrayList.java:1511)
Caused by: org.openqa.selenium.NoSuchElementException: no such element: Unable to locate element: {&quot;method&quot;:&quot;xpath&quot;,&quot;selector&quot;:&quot;//select[contains(@class, &apos;form-control form-select &apos;)]&quot;}
  (Session info: MicrosoftEdge=123.0.2420.65)
For documentation on this error, please visit: https://www.selenium.dev/documentation/webdriver/troubleshooting/errors#no-such-element-exception
Build info: version: &apos;4.11.0&apos;, revision: &apos;040bc5406b&apos;
System info: os.name: &apos;Windows 11&apos;, os.arch: &apos;amd64&apos;, os.version: &apos;10.0&apos;, java.version: &apos;17.0.9&apos;
Driver info: org.openqa.selenium.edge.EdgeDriver
Command: [fb1b9b54c6844b87e85d460a9b7f2a2d, findElement {using=xpath, value=//select[contains(@class, &apos;form-control form-select &apos;)]}]
Capabilities {acceptInsecureCerts: false, browserName: MicrosoftEdge, browserVersion: 123.0.2420.65, fedcm:accounts: true, ms:edgeOptions: {debuggerAddress: localhost:55736}, msedge: {msedgedriverVersion: 123.0.2420.65 (49b6a5859239..., userDataDir: C:\Users\homeh\AppData\Loca...}, networkConnectionEnabled: false, pageLoadStrategy: normal, platformName: windows, proxy: Proxy(), se:cdp: ws://localhost:55736/devtoo..., se:cdpVersion: 123.0.2420.65, setWindowRect: true, strictFileInteractability: false, timeouts: {implicit: 0, pageLoad: 300000, script: 30000}, unhandledPromptBehavior: dismiss and notify, webauthn:extension:credBlob: true, webauthn:extension:largeBlob: true, webauthn:extension:minPinLength: true, webauthn:extension:prf: true, webauthn:virtualAuthenticators: true}
Session ID: fb1b9b54c6844b87e85d460a9b7f2a2d
	at org.openqa.selenium.remote.codec.w3c.W3CHttpResponseCodec.createException(W3CHttpResponseCodec.java:200)
	at org.openqa.selenium.remote.codec.w3c.W3CHttpResponseCodec.decode(W3CHttpResponseCodec.java:133)
	at org.openqa.selenium.remote.codec.w3c.W3CHttpResponseCodec.decode(W3CHttpResponseCodec.java:52)
	at org.openqa.selenium.remote.HttpCommandExecutor.execute(HttpCommandExecutor.java:191)
	at org.openqa.selenium.remote.service.DriverCommandExecutor.invokeExecute(DriverCommandExecutor.java:196)
	at org.openqa.selenium.remote.service.DriverCommandExecutor.execute(DriverCommandExecutor.java:171)
	at org.openqa.selenium.remote.RemoteWebDriver.execute(RemoteWebDriver.java:518)
	at org.openqa.selenium.remote.ElementLocation$ElementFinder$2.findElement(ElementLocation.java:165)
	at org.openqa.selenium.remote.ElementLocation.findElement(ElementLocation.java:59)
	at org.openqa.selenium.remote.RemoteWebDriver.findElement(RemoteWebDriver.java:355)
	at org.openqa.selenium.remote.RemoteWebDriver.findElement(RemoteWebDriver.java:349)
	at org.openqa.selenium.support.pagefactory.DefaultElementLocator.findElement(DefaultElementLocator.java:68)
	at org.openqa.selenium.support.pagefactory.internal.LocatingElementHandler.invoke(LocatingElementHandler.java:38)
	at jdk.proxy2/jdk.proxy2.$Proxy40.isDisplayed(Unknown Source)
	at org.openqa.selenium.support.ui.ExpectedConditions.elementIfVisible(ExpectedConditions.java:304)
	at org.openqa.selenium.support.ui.ExpectedConditions.access$000(ExpectedConditions.java:37)
	at org.openqa.selenium.support.ui.ExpectedConditions$10.apply(ExpectedConditions.java:290)
	at org.openqa.selenium.support.ui.ExpectedConditions$10.apply(ExpectedConditions.java:287)
	at org.openqa.selenium.support.ui.ExpectedConditions$23.apply(ExpectedConditions.java:656)
	at org.openqa.selenium.support.ui.ExpectedConditions$23.apply(ExpectedConditions.java:652)
	at org.openqa.selenium.support.ui.FluentWait.until(FluentWait.java:205)
	... 30 more
... Removed 32 stack frames
</div> <!-- stack-trace -->
                </div> <!-- method-content -->
              </div> <!-- method -->
              <div class="method">
                <div class="method-content">
                  <a name="tc_02_signUpToSpiceJetApp(Mr, Pavan, , India, 6/14/1992, 9441349527, pavan789@gmail.com, Pundu567@, Pundu567@)">
                  </a> <!-- tc_02_signUpToSpiceJetApp(Mr, Pavan, , India, 6/14/1992, 9441349527, pavan789@gmail.com, Pundu567@, Pundu567@) -->
                  <span class="method-name">tc_02_signUpToSpiceJetApp</span>
                  <span class="parameters">(Mr, Pavan, , India, 6/14/1992, 9441349527, pavan789@gmail.com, Pundu567@, Pundu567@)</span>
                  <div class="stack-trace">org.openqa.selenium.TimeoutException: Expected condition failed: waiting for element to be clickable: Proxy element for: DefaultElementLocator &apos;By.xpath: //select[contains(@class, &apos;form-control form-select &apos;)]&apos; (tried for 10 second(s) with 500 milliseconds interval)
	at org.openqa.selenium.support.ui.WebDriverWait.timeoutException(WebDriverWait.java:84)
	at org.openqa.selenium.support.ui.FluentWait.until(FluentWait.java:230)
	at pages.SignUpPage.SignUp(SignUpPage.java:57)
	at test.TC002_SignUp.tc_02_signUpToSpiceJetApp(TC002_SignUp.java:32)
	at java.base/java.util.ArrayList.forEach(ArrayList.java:1511)
Caused by: org.openqa.selenium.NoSuchElementException: no such element: Unable to locate element: {&quot;method&quot;:&quot;xpath&quot;,&quot;selector&quot;:&quot;//select[contains(@class, &apos;form-control form-select &apos;)]&quot;}
  (Session info: MicrosoftEdge=123.0.2420.65)
For documentation on this error, please visit: https://www.selenium.dev/documentation/webdriver/troubleshooting/errors#no-such-element-exception
Build info: version: &apos;4.11.0&apos;, revision: &apos;040bc5406b&apos;
System info: os.name: &apos;Windows 11&apos;, os.arch: &apos;amd64&apos;, os.version: &apos;10.0&apos;, java.version: &apos;17.0.9&apos;
Driver info: org.openqa.selenium.edge.EdgeDriver
Command: [6ee057fb373b320a2e7b265c8fc48262, findElement {using=xpath, value=//select[contains(@class, &apos;form-control form-select &apos;)]}]
Capabilities {acceptInsecureCerts: false, browserName: MicrosoftEdge, browserVersion: 123.0.2420.65, fedcm:accounts: true, ms:edgeOptions: {debuggerAddress: localhost:54765}, msedge: {msedgedriverVersion: 123.0.2420.65 (49b6a5859239..., userDataDir: C:\Users\homeh\AppData\Loca...}, networkConnectionEnabled: false, pageLoadStrategy: normal, platformName: windows, proxy: Proxy(), se:cdp: ws://localhost:54765/devtoo..., se:cdpVersion: 123.0.2420.65, setWindowRect: true, strictFileInteractability: false, timeouts: {implicit: 0, pageLoad: 300000, script: 30000}, unhandledPromptBehavior: dismiss and notify, webauthn:extension:credBlob: true, webauthn:extension:largeBlob: true, webauthn:extension:minPinLength: true, webauthn:extension:prf: true, webauthn:virtualAuthenticators: true}
Session ID: 6ee057fb373b320a2e7b265c8fc48262
	at org.openqa.selenium.remote.codec.w3c.W3CHttpResponseCodec.createException(W3CHttpResponseCodec.java:200)
	at org.openqa.selenium.remote.codec.w3c.W3CHttpResponseCodec.decode(W3CHttpResponseCodec.java:133)
	at org.openqa.selenium.remote.codec.w3c.W3CHttpResponseCodec.decode(W3CHttpResponseCodec.java:52)
	at org.openqa.selenium.remote.HttpCommandExecutor.execute(HttpCommandExecutor.java:191)
	at org.openqa.selenium.remote.service.DriverCommandExecutor.invokeExecute(DriverCommandExecutor.java:196)
	at org.openqa.selenium.remote.service.DriverCommandExecutor.execute(DriverCommandExecutor.java:171)
	at org.openqa.selenium.remote.RemoteWebDriver.execute(RemoteWebDriver.java:518)
	at org.openqa.selenium.remote.ElementLocation$ElementFinder$2.findElement(ElementLocation.java:165)
	at org.openqa.selenium.remote.ElementLocation.findElement(ElementLocation.java:59)
	at org.openqa.selenium.remote.RemoteWebDriver.findElement(RemoteWebDriver.java:355)
	at org.openqa.selenium.remote.RemoteWebDriver.findElement(RemoteWebDriver.java:349)
	at org.openqa.selenium.support.pagefactory.DefaultElementLocator.findElement(DefaultElementLocator.java:68)
	at org.openqa.selenium.support.pagefactory.internal.LocatingElementHandler.invoke(LocatingElementHandler.java:38)
	at jdk.proxy2/jdk.proxy2.$Proxy40.isDisplayed(Unknown Source)
	at org.openqa.selenium.support.ui.ExpectedConditions.elementIfVisible(ExpectedConditions.java:304)
	at org.openqa.selenium.support.ui.ExpectedConditions.access$000(ExpectedConditions.java:37)
	at org.openqa.selenium.support.ui.ExpectedConditions$10.apply(ExpectedConditions.java:290)
	at org.openqa.selenium.support.ui.ExpectedConditions$10.apply(ExpectedConditions.java:287)
	at org.openqa.selenium.support.ui.ExpectedConditions$23.apply(ExpectedConditions.java:656)
	at org.openqa.selenium.support.ui.ExpectedConditions$23.apply(ExpectedConditions.java:652)
	at org.openqa.selenium.support.ui.FluentWait.until(FluentWait.java:205)
	... 30 more
... Removed 32 stack frames
</div> <!-- stack-trace -->
                </div> <!-- method-content -->
              </div> <!-- method -->
              <div class="method">
                <div class="method-content">
                  <a name="tc_02_signUpToSpiceJetApp(Mr, Pavan, Kumar, India, 6/14/1992, 9441349527, pavan789@gmail.com, Pundu, Pundu)">
                  </a> <!-- tc_02_signUpToSpiceJetApp(Mr, Pavan, Kumar, India, 6/14/1992, 9441349527, pavan789@gmail.com, Pundu, Pundu) -->
                  <span class="method-name">tc_02_signUpToSpiceJetApp</span>
                  <span class="parameters">(Mr, Pavan, Kumar, India, 6/14/1992, 9441349527, pavan789@gmail.com, Pundu, Pundu)</span>
                  <div class="stack-trace">org.openqa.selenium.TimeoutException: Expected condition failed: waiting for element to be clickable: Proxy element for: DefaultElementLocator &apos;By.xpath: //select[contains(@class, &apos;form-control form-select &apos;)]&apos; (tried for 10 second(s) with 500 milliseconds interval)
	at org.openqa.selenium.support.ui.WebDriverWait.timeoutException(WebDriverWait.java:84)
	at org.openqa.selenium.support.ui.FluentWait.until(FluentWait.java:230)
	at pages.SignUpPage.SignUp(SignUpPage.java:57)
	at test.TC002_SignUp.tc_02_signUpToSpiceJetApp(TC002_SignUp.java:32)
	at java.base/java.util.ArrayList.forEach(ArrayList.java:1511)
Caused by: org.openqa.selenium.NoSuchElementException: no such element: Unable to locate element: {&quot;method&quot;:&quot;xpath&quot;,&quot;selector&quot;:&quot;//select[contains(@class, &apos;form-control form-select &apos;)]&quot;}
  (Session info: MicrosoftEdge=123.0.2420.65)
For documentation on this error, please visit: https://www.selenium.dev/documentation/webdriver/troubleshooting/errors#no-such-element-exception
Build info: version: &apos;4.11.0&apos;, revision: &apos;040bc5406b&apos;
System info: os.name: &apos;Windows 11&apos;, os.arch: &apos;amd64&apos;, os.version: &apos;10.0&apos;, java.version: &apos;17.0.9&apos;
Driver info: org.openqa.selenium.edge.EdgeDriver
Command: [d481d958c15b18513eebfe703028b653, findElement {using=xpath, value=//select[contains(@class, &apos;form-control form-select &apos;)]}]
Capabilities {acceptInsecureCerts: false, browserName: MicrosoftEdge, browserVersion: 123.0.2420.65, fedcm:accounts: true, ms:edgeOptions: {debuggerAddress: localhost:55055}, msedge: {msedgedriverVersion: 123.0.2420.65 (49b6a5859239..., userDataDir: C:\Users\homeh\AppData\Loca...}, networkConnectionEnabled: false, pageLoadStrategy: normal, platformName: windows, proxy: Proxy(), se:cdp: ws://localhost:55055/devtoo..., se:cdpVersion: 123.0.2420.65, setWindowRect: true, strictFileInteractability: false, timeouts: {implicit: 0, pageLoad: 300000, script: 30000}, unhandledPromptBehavior: dismiss and notify, webauthn:extension:credBlob: true, webauthn:extension:largeBlob: true, webauthn:extension:minPinLength: true, webauthn:extension:prf: true, webauthn:virtualAuthenticators: true}
Session ID: d481d958c15b18513eebfe703028b653
	at org.openqa.selenium.remote.codec.w3c.W3CHttpResponseCodec.createException(W3CHttpResponseCodec.java:200)
	at org.openqa.selenium.remote.codec.w3c.W3CHttpResponseCodec.decode(W3CHttpResponseCodec.java:133)
	at org.openqa.selenium.remote.codec.w3c.W3CHttpResponseCodec.decode(W3CHttpResponseCodec.java:52)
	at org.openqa.selenium.remote.HttpCommandExecutor.execute(HttpCommandExecutor.java:191)
	at org.openqa.selenium.remote.service.DriverCommandExecutor.invokeExecute(DriverCommandExecutor.java:196)
	at org.openqa.selenium.remote.service.DriverCommandExecutor.execute(DriverCommandExecutor.java:171)
	at org.openqa.selenium.remote.RemoteWebDriver.execute(RemoteWebDriver.java:518)
	at org.openqa.selenium.remote.ElementLocation$ElementFinder$2.findElement(ElementLocation.java:165)
	at org.openqa.selenium.remote.ElementLocation.findElement(ElementLocation.java:59)
	at org.openqa.selenium.remote.RemoteWebDriver.findElement(RemoteWebDriver.java:355)
	at org.openqa.selenium.remote.RemoteWebDriver.findElement(RemoteWebDriver.java:349)
	at org.openqa.selenium.support.pagefactory.DefaultElementLocator.findElement(DefaultElementLocator.java:68)
	at org.openqa.selenium.support.pagefactory.internal.LocatingElementHandler.invoke(LocatingElementHandler.java:38)
	at jdk.proxy2/jdk.proxy2.$Proxy40.isDisplayed(Unknown Source)
	at org.openqa.selenium.support.ui.ExpectedConditions.elementIfVisible(ExpectedConditions.java:304)
	at org.openqa.selenium.support.ui.ExpectedConditions.access$000(ExpectedConditions.java:37)
	at org.openqa.selenium.support.ui.ExpectedConditions$10.apply(ExpectedConditions.java:290)
	at org.openqa.selenium.support.ui.ExpectedConditions$10.apply(ExpectedConditions.java:287)
	at org.openqa.selenium.support.ui.ExpectedConditions$23.apply(ExpectedConditions.java:656)
	at org.openqa.selenium.support.ui.ExpectedConditions$23.apply(ExpectedConditions.java:652)
	at org.openqa.selenium.support.ui.FluentWait.until(FluentWait.java:205)
	... 30 more
... Removed 32 stack frames
</div> <!-- stack-trace -->
                </div> <!-- method-content -->
              </div> <!-- method -->
              <div class="method">
                <div class="method-content">
                  <a name="tc_02_signUpToSpiceJetApp(Mr, Pavan, Kumar, India, 6/14/1992, 9441349527, pavan789@gmail.com, Pundu567@, Pundu567@)">
                  </a> <!-- tc_02_signUpToSpiceJetApp(Mr, Pavan, Kumar, India, 6/14/1992, 9441349527, pavan789@gmail.com, Pundu567@, Pundu567@) -->
                  <span class="method-name">tc_02_signUpToSpiceJetApp</span>
                  <span class="parameters">(Mr, Pavan, Kumar, India, 6/14/1992, 9441349527, pavan789@gmail.com, Pundu567@, Pundu567@)</span>
                  <div class="stack-trace">org.openqa.selenium.TimeoutException: Expected condition failed: waiting for element to be clickable: Proxy element for: DefaultElementLocator &apos;By.xpath: //select[contains(@class, &apos;form-control form-select &apos;)]&apos; (tried for 10 second(s) with 500 milliseconds interval)
	at org.openqa.selenium.support.ui.WebDriverWait.timeoutException(WebDriverWait.java:84)
	at org.openqa.selenium.support.ui.FluentWait.until(FluentWait.java:230)
	at pages.SignUpPage.SignUp(SignUpPage.java:57)
	at test.TC002_SignUp.tc_02_signUpToSpiceJetApp(TC002_SignUp.java:32)
	at java.base/java.util.ArrayList.forEach(ArrayList.java:1511)
Caused by: org.openqa.selenium.NoSuchElementException: no such element: Unable to locate element: {&quot;method&quot;:&quot;xpath&quot;,&quot;selector&quot;:&quot;//select[contains(@class, &apos;form-control form-select &apos;)]&quot;}
  (Session info: MicrosoftEdge=123.0.2420.65)
For documentation on this error, please visit: https://www.selenium.dev/documentation/webdriver/troubleshooting/errors#no-such-element-exception
Build info: version: &apos;4.11.0&apos;, revision: &apos;040bc5406b&apos;
System info: os.name: &apos;Windows 11&apos;, os.arch: &apos;amd64&apos;, os.version: &apos;10.0&apos;, java.version: &apos;17.0.9&apos;
Driver info: org.openqa.selenium.edge.EdgeDriver
Command: [a34b8a4d7e3e6b91fc214ac845ea8d36, findElement {using=xpath, value=//select[contains(@class, &apos;form-control form-select &apos;)]}]
Capabilities {acceptInsecureCerts: false, browserName: MicrosoftEdge, browserVersion: 123.0.2420.65, fedcm:accounts: true, ms:edgeOptions: {debuggerAddress: localhost:54670}, msedge: {msedgedriverVersion: 123.0.2420.65 (49b6a5859239..., userDataDir: C:\Users\homeh\AppData\Loca...}, networkConnectionEnabled: false, pageLoadStrategy: normal, platformName: windows, proxy: Proxy(), se:cdp: ws://localhost:54670/devtoo..., se:cdpVersion: 123.0.2420.65, setWindowRect: true, strictFileInteractability: false, timeouts: {implicit: 0, pageLoad: 300000, script: 30000}, unhandledPromptBehavior: dismiss and notify, webauthn:extension:credBlob: true, webauthn:extension:largeBlob: true, webauthn:extension:minPinLength: true, webauthn:extension:prf: true, webauthn:virtualAuthenticators: true}
Session ID: a34b8a4d7e3e6b91fc214ac845ea8d36
	at org.openqa.selenium.remote.codec.w3c.W3CHttpResponseCodec.createException(W3CHttpResponseCodec.java:200)
	at org.openqa.selenium.remote.codec.w3c.W3CHttpResponseCodec.decode(W3CHttpResponseCodec.java:133)
	at org.openqa.selenium.remote.codec.w3c.W3CHttpResponseCodec.decode(W3CHttpResponseCodec.java:52)
	at org.openqa.selenium.remote.HttpCommandExecutor.execute(HttpCommandExecutor.java:191)
	at org.openqa.selenium.remote.service.DriverCommandExecutor.invokeExecute(DriverCommandExecutor.java:196)
	at org.openqa.selenium.remote.service.DriverCommandExecutor.execute(DriverCommandExecutor.java:171)
	at org.openqa.selenium.remote.RemoteWebDriver.execute(RemoteWebDriver.java:518)
	at org.openqa.selenium.remote.ElementLocation$ElementFinder$2.findElement(ElementLocation.java:165)
	at org.openqa.selenium.remote.ElementLocation.findElement(ElementLocation.java:59)
	at org.openqa.selenium.remote.RemoteWebDriver.findElement(RemoteWebDriver.java:355)
	at org.openqa.selenium.remote.RemoteWebDriver.findElement(RemoteWebDriver.java:349)
	at org.openqa.selenium.support.pagefactory.DefaultElementLocator.findElement(DefaultElementLocator.java:68)
	at org.openqa.selenium.support.pagefactory.internal.LocatingElementHandler.invoke(LocatingElementHandler.java:38)
	at jdk.proxy2/jdk.proxy2.$Proxy40.isDisplayed(Unknown Source)
	at org.openqa.selenium.support.ui.ExpectedConditions.elementIfVisible(ExpectedConditions.java:304)
	at org.openqa.selenium.support.ui.ExpectedConditions.access$000(ExpectedConditions.java:37)
	at org.openqa.selenium.support.ui.ExpectedConditions$10.apply(ExpectedConditions.java:290)
	at org.openqa.selenium.support.ui.ExpectedConditions$10.apply(ExpectedConditions.java:287)
	at org.openqa.selenium.support.ui.ExpectedConditions$23.apply(ExpectedConditions.java:656)
	at org.openqa.selenium.support.ui.ExpectedConditions$23.apply(ExpectedConditions.java:652)
	at org.openqa.selenium.support.ui.FluentWait.until(FluentWait.java:205)
	... 30 more
... Removed 32 stack frames
</div> <!-- stack-trace -->
                </div> <!-- method-content -->
              </div> <!-- method -->
            </div> <!-- main-panel-content rounded-window-bottom -->
          </div> <!-- suite-Suite-class-failed -->
          <div class="suite-Suite-class-failed">
            <div class="main-panel-header rounded-window-top">
              <img src="failed.png"/>
              <span class="class-name">test.TC006_SelectFlights</span>
            </div> <!-- main-panel-header rounded-window-top -->
            <div class="main-panel-content rounded-window-bottom">
              <div class="method">
                <div class="method-content">
                  <a name="tc_06_selectFlights">
                  </a> <!-- tc_06_selectFlights -->
                  <span class="method-name">tc_06_selectFlights</span>
                  <div class="stack-trace">org.openqa.selenium.TimeoutException: Expected condition failed: waiting for visibility of Proxy element for: DefaultElementLocator &apos;By.xpath: //div[@data-testid=&apos;first-inputbox-contact-details&apos;]&apos; (tried for 10 second(s) with 500 milliseconds interval)
	at org.openqa.selenium.support.ui.WebDriverWait.timeoutException(WebDriverWait.java:84)
	at org.openqa.selenium.support.ui.FluentWait.until(FluentWait.java:230)
	at pages.SelectFlightsPage.selectDepartureFlight(SelectFlightsPage.java:80)
	at test.TC006_SelectFlights.tc_06_selectFlights(TC006_SelectFlights.java:29)
	at java.base/java.util.ArrayList.forEach(ArrayList.java:1511)
Caused by: org.openqa.selenium.NoSuchElementException: no such element: Unable to locate element: {&quot;method&quot;:&quot;xpath&quot;,&quot;selector&quot;:&quot;//div[@data-testid=&apos;first-inputbox-contact-details&apos;]&quot;}
  (Session info: MicrosoftEdge=123.0.2420.65)
For documentation on this error, please visit: https://www.selenium.dev/documentation/webdriver/troubleshooting/errors#no-such-element-exception
Build info: version: &apos;4.11.0&apos;, revision: &apos;040bc5406b&apos;
System info: os.name: &apos;Windows 11&apos;, os.arch: &apos;amd64&apos;, os.version: &apos;10.0&apos;, java.version: &apos;17.0.9&apos;
Driver info: org.openqa.selenium.edge.EdgeDriver
Command: [a4c7f40efe96439a9fb134fa1a30591e, findElement {using=xpath, value=//div[@data-testid=&apos;first-inputbox-contact-details&apos;]}]
Capabilities {acceptInsecureCerts: false, browserName: MicrosoftEdge, browserVersion: 123.0.2420.65, fedcm:accounts: true, ms:edgeOptions: {debuggerAddress: localhost:56010}, msedge: {msedgedriverVersion: 123.0.2420.65 (49b6a5859239..., userDataDir: C:\Users\homeh\AppData\Loca...}, networkConnectionEnabled: false, pageLoadStrategy: normal, platformName: windows, proxy: Proxy(), se:cdp: ws://localhost:56010/devtoo..., se:cdpVersion: 123.0.2420.65, setWindowRect: true, strictFileInteractability: false, timeouts: {implicit: 0, pageLoad: 300000, script: 30000}, unhandledPromptBehavior: dismiss and notify, webauthn:extension:credBlob: true, webauthn:extension:largeBlob: true, webauthn:extension:minPinLength: true, webauthn:extension:prf: true, webauthn:virtualAuthenticators: true}
Session ID: a4c7f40efe96439a9fb134fa1a30591e
	at org.openqa.selenium.remote.codec.w3c.W3CHttpResponseCodec.createException(W3CHttpResponseCodec.java:200)
	at org.openqa.selenium.remote.codec.w3c.W3CHttpResponseCodec.decode(W3CHttpResponseCodec.java:133)
	at org.openqa.selenium.remote.codec.w3c.W3CHttpResponseCodec.decode(W3CHttpResponseCodec.java:52)
	at org.openqa.selenium.remote.HttpCommandExecutor.execute(HttpCommandExecutor.java:191)
	at org.openqa.selenium.remote.service.DriverCommandExecutor.invokeExecute(DriverCommandExecutor.java:196)
	at org.openqa.selenium.remote.service.DriverCommandExecutor.execute(DriverCommandExecutor.java:171)
	at org.openqa.selenium.remote.RemoteWebDriver.execute(RemoteWebDriver.java:518)
	at org.openqa.selenium.remote.ElementLocation$ElementFinder$2.findElement(ElementLocation.java:165)
	at org.openqa.selenium.remote.ElementLocation.findElement(ElementLocation.java:59)
	at org.openqa.selenium.remote.RemoteWebDriver.findElement(RemoteWebDriver.java:355)
	at org.openqa.selenium.remote.RemoteWebDriver.findElement(RemoteWebDriver.java:349)
	at org.openqa.selenium.support.pagefactory.DefaultElementLocator.findElement(DefaultElementLocator.java:68)
	at org.openqa.selenium.support.pagefactory.internal.LocatingElementHandler.invoke(LocatingElementHandler.java:38)
	at jdk.proxy2/jdk.proxy2.$Proxy40.isDisplayed(Unknown Source)
	at org.openqa.selenium.support.ui.ExpectedConditions.elementIfVisible(ExpectedConditions.java:304)
	at org.openqa.selenium.support.ui.ExpectedConditions.access$000(ExpectedConditions.java:37)
	at org.openqa.selenium.support.ui.ExpectedConditions$10.apply(ExpectedConditions.java:290)
	at org.openqa.selenium.support.ui.ExpectedConditions$10.apply(ExpectedConditions.java:287)
	at org.openqa.selenium.support.ui.FluentWait.until(FluentWait.java:205)
	... 30 more
... Removed 32 stack frames
</div> <!-- stack-trace -->
                </div> <!-- method-content -->
              </div> <!-- method -->
            </div> <!-- main-panel-content rounded-window-bottom -->
          </div> <!-- suite-Suite-class-failed -->
          <div class="suite-Suite-class-failed">
            <div class="main-panel-header rounded-window-top">
              <img src="failed.png"/>
              <span class="class-name">test.TC003_LoginWithEmail</span>
            </div> <!-- main-panel-header rounded-window-top -->
            <div class="main-panel-content rounded-window-bottom">
              <div class="method">
                <div class="method-content">
                  <a name="tc_03_loginToSpiceJetApp(pavan789.com, Pundu567@)">
                  </a> <!-- tc_03_loginToSpiceJetApp(pavan789.com, Pundu567@) -->
                  <span class="method-name">tc_03_loginToSpiceJetApp</span>
                  <span class="parameters">(pavan789.com, Pundu567@)</span>
                  <div class="stack-trace">org.openqa.selenium.NoSuchElementException: no such element: Unable to locate element: {&quot;method&quot;:&quot;xpath&quot;,&quot;selector&quot;:&quot;//input[@type=&apos;email&apos;]&quot;}
  (Session info: MicrosoftEdge=123.0.2420.65)
For documentation on this error, please visit: https://www.selenium.dev/documentation/webdriver/troubleshooting/errors#no-such-element-exception
Build info: version: &apos;4.11.0&apos;, revision: &apos;040bc5406b&apos;
System info: os.name: &apos;Windows 11&apos;, os.arch: &apos;amd64&apos;, os.version: &apos;10.0&apos;, java.version: &apos;17.0.9&apos;
Driver info: org.openqa.selenium.edge.EdgeDriver
Command: [9c04f0348879d4b316e5cb113900011f, findElement {using=xpath, value=//input[@type=&apos;email&apos;]}]
Capabilities {acceptInsecureCerts: false, browserName: MicrosoftEdge, browserVersion: 123.0.2420.65, fedcm:accounts: true, ms:edgeOptions: {debuggerAddress: localhost:56521}, msedge: {msedgedriverVersion: 123.0.2420.65 (49b6a5859239..., userDataDir: C:\Users\homeh\AppData\Loca...}, networkConnectionEnabled: false, pageLoadStrategy: normal, platformName: windows, proxy: Proxy(), se:cdp: ws://localhost:56521/devtoo..., se:cdpVersion: 123.0.2420.65, setWindowRect: true, strictFileInteractability: false, timeouts: {implicit: 0, pageLoad: 300000, script: 30000}, unhandledPromptBehavior: dismiss and notify, webauthn:extension:credBlob: true, webauthn:extension:largeBlob: true, webauthn:extension:minPinLength: true, webauthn:extension:prf: true, webauthn:virtualAuthenticators: true}
Session ID: 9c04f0348879d4b316e5cb113900011f
	at org.openqa.selenium.remote.codec.w3c.W3CHttpResponseCodec.createException(W3CHttpResponseCodec.java:200)
	at org.openqa.selenium.remote.codec.w3c.W3CHttpResponseCodec.decode(W3CHttpResponseCodec.java:133)
	at org.openqa.selenium.remote.codec.w3c.W3CHttpResponseCodec.decode(W3CHttpResponseCodec.java:52)
	at org.openqa.selenium.remote.HttpCommandExecutor.execute(HttpCommandExecutor.java:191)
	at org.openqa.selenium.remote.service.DriverCommandExecutor.invokeExecute(DriverCommandExecutor.java:196)
	at org.openqa.selenium.remote.service.DriverCommandExecutor.execute(DriverCommandExecutor.java:171)
	at org.openqa.selenium.remote.RemoteWebDriver.execute(RemoteWebDriver.java:518)
	at org.openqa.selenium.remote.ElementLocation$ElementFinder$2.findElement(ElementLocation.java:165)
	at org.openqa.selenium.remote.ElementLocation.findElement(ElementLocation.java:59)
	at org.openqa.selenium.remote.RemoteWebDriver.findElement(RemoteWebDriver.java:355)
	at org.openqa.selenium.remote.RemoteWebDriver.findElement(RemoteWebDriver.java:349)
	at org.openqa.selenium.support.pagefactory.DefaultElementLocator.findElement(DefaultElementLocator.java:68)
	at org.openqa.selenium.support.pagefactory.internal.LocatingElementHandler.invoke(LocatingElementHandler.java:38)
	at jdk.proxy2/jdk.proxy2.$Proxy40.clear(Unknown Source)
	at pages.LoginPage.fillField(LoginPage.java:45)
	at pages.LoginPage.Login(LoginPage.java:38)
	at test.TC003_LoginWithEmail.tc_03_loginToSpiceJetApp(TC003_LoginWithEmail.java:30)
	at java.base/java.util.ArrayList.forEach(ArrayList.java:1511)
... Removed 31 stack frames
</div> <!-- stack-trace -->
                </div> <!-- method-content -->
              </div> <!-- method -->
              <div class="method">
                <div class="method-content">
                  <a name="tc_03_loginToSpiceJetApp(pavan789@gmail.com, Pundu567@)">
                  </a> <!-- tc_03_loginToSpiceJetApp(pavan789@gmail.com, Pundu567@) -->
                  <span class="method-name">tc_03_loginToSpiceJetApp</span>
                  <span class="parameters">(pavan789@gmail.com, Pundu567@)</span>
                  <div class="stack-trace">org.openqa.selenium.ElementClickInterceptedException: element click intercepted: Element &lt;div class=&quot;css-76zvg2 r-homxoj r-ubezar r-1ozqkpa&quot; dir=&quot;auto&quot; style=&quot;font-family: inherit;&quot;&gt;...&lt;/div&gt; is not clickable at point (1382, 266). Other element would receive the click: &lt;div class=&quot;css-1dbjc4n r-1d09ksm r-18u37iz&quot;&gt;...&lt;/div&gt;
  (Session info: MicrosoftEdge=123.0.2420.65)
Build info: version: &apos;4.11.0&apos;, revision: &apos;040bc5406b&apos;
System info: os.name: &apos;Windows 11&apos;, os.arch: &apos;amd64&apos;, os.version: &apos;10.0&apos;, java.version: &apos;17.0.9&apos;
Driver info: org.openqa.selenium.edge.EdgeDriver
Command: [8b238215c88b03133ad13e4a8964cbaf, clickElement {id=f.B0363AD08782A038C240E7BE4D441958.d.6844B3F63E9A730A8E5737F95EF12615.e.431}]
Capabilities {acceptInsecureCerts: false, browserName: MicrosoftEdge, browserVersion: 123.0.2420.65, fedcm:accounts: true, ms:edgeOptions: {debuggerAddress: localhost:56362}, msedge: {msedgedriverVersion: 123.0.2420.65 (49b6a5859239..., userDataDir: C:\Users\homeh\AppData\Loca...}, networkConnectionEnabled: false, pageLoadStrategy: normal, platformName: windows, proxy: Proxy(), se:cdp: ws://localhost:56362/devtoo..., se:cdpVersion: 123.0.2420.65, setWindowRect: true, strictFileInteractability: false, timeouts: {implicit: 0, pageLoad: 300000, script: 30000}, unhandledPromptBehavior: dismiss and notify, webauthn:extension:credBlob: true, webauthn:extension:largeBlob: true, webauthn:extension:minPinLength: true, webauthn:extension:prf: true, webauthn:virtualAuthenticators: true}
Element: [[EdgeDriver: MicrosoftEdge on windows (8b238215c88b03133ad13e4a8964cbaf)] -&gt; xpath: //div[contains(text(), &apos;Email&apos;)]]
Session ID: 8b238215c88b03133ad13e4a8964cbaf
	at org.openqa.selenium.remote.codec.w3c.W3CHttpResponseCodec.createException(W3CHttpResponseCodec.java:200)
	at org.openqa.selenium.remote.codec.w3c.W3CHttpResponseCodec.decode(W3CHttpResponseCodec.java:133)
	at org.openqa.selenium.remote.codec.w3c.W3CHttpResponseCodec.decode(W3CHttpResponseCodec.java:52)
	at org.openqa.selenium.remote.HttpCommandExecutor.execute(HttpCommandExecutor.java:191)
	at org.openqa.selenium.remote.service.DriverCommandExecutor.invokeExecute(DriverCommandExecutor.java:196)
	at org.openqa.selenium.remote.service.DriverCommandExecutor.execute(DriverCommandExecutor.java:171)
	at org.openqa.selenium.remote.RemoteWebDriver.execute(RemoteWebDriver.java:518)
	at org.openqa.selenium.remote.RemoteWebElement.execute(RemoteWebElement.java:224)
	at org.openqa.selenium.remote.RemoteWebElement.click(RemoteWebElement.java:77)
	at org.openqa.selenium.support.pagefactory.internal.LocatingElementHandler.invoke(LocatingElementHandler.java:51)
	at jdk.proxy2/jdk.proxy2.$Proxy40.click(Unknown Source)
	at pages.LoginPage.Login(LoginPage.java:37)
	at test.TC003_LoginWithEmail.tc_03_loginToSpiceJetApp(TC003_LoginWithEmail.java:30)
	at java.base/java.util.ArrayList.forEach(ArrayList.java:1511)
... Removed 35 stack frames
</div> <!-- stack-trace -->
                </div> <!-- method-content -->
              </div> <!-- method -->
            </div> <!-- main-panel-content rounded-window-bottom -->
          </div> <!-- suite-Suite-class-failed -->
          <div class="suite-Suite-class-passed">
            <div class="main-panel-header rounded-window-top">
              <img src="passed.png"/>
              <span class="class-name">test.TC005_NewFlightRoundTrip</span>
            </div> <!-- main-panel-header rounded-window-top -->
            <div class="main-panel-content rounded-window-bottom">
              <div class="method">
                <div class="method-content">
                  <a name="tc_05_bookNewRoundTripFlight(Chennai, Thu, 11 Apr 2024, Sun, 14 Apr 2024)">
                  </a> <!-- tc_05_bookNewRoundTripFlight(Chennai, Thu, 11 Apr 2024, Sun, 14 Apr 2024) -->
                  <span class="method-name">tc_05_bookNewRoundTripFlight</span>
                  <span class="parameters">(Chennai, Thu, 11 Apr 2024, Sun, 14 Apr 2024)</span>
                </div> <!-- method-content -->
              </div> <!-- method -->
            </div> <!-- main-panel-content rounded-window-bottom -->
          </div> <!-- suite-Suite-class-passed -->
          <div class="suite-Suite-class-passed">
            <div class="main-panel-header rounded-window-top">
              <img src="passed.png"/>
              <span class="class-name">test.TC004_NewFlightOneWay</span>
            </div> <!-- main-panel-header rounded-window-top -->
            <div class="main-panel-content rounded-window-bottom">
              <div class="method">
                <div class="method-content">
                  <a name="tc_04_bookOneWayFlight(Chennai)">
                  </a> <!-- tc_04_bookOneWayFlight(Chennai) -->
                  <span class="method-name">tc_04_bookOneWayFlight</span>
                  <span class="parameters">(Chennai)</span>
                </div> <!-- method-content -->
              </div> <!-- method -->
            </div> <!-- main-panel-content rounded-window-bottom -->
          </div> <!-- suite-Suite-class-passed -->
          <div class="suite-Suite-class-passed">
            <div class="main-panel-header rounded-window-top">
              <img src="passed.png"/>
              <span class="class-name">test.TC001_NavigatingToSpiceJet</span>
            </div> <!-- main-panel-header rounded-window-top -->
            <div class="main-panel-content rounded-window-bottom">
              <div class="method">
                <div class="method-content">
                  <a name="tc_01_navigateToSpiceJetHomePage">
                  </a> <!-- tc_01_navigateToSpiceJetHomePage -->
                  <span class="method-name">tc_01_navigateToSpiceJetHomePage</span>
                </div> <!-- method-content -->
              </div> <!-- method -->
            </div> <!-- main-panel-content rounded-window-bottom -->
          </div> <!-- suite-Suite-class-passed -->
          <div class="suite-Suite-class-passed">
            <div class="main-panel-header rounded-window-top">
              <img src="passed.png"/>
              <span class="class-name">test.TC007_ValidateFieldsOnBookingPage</span>
            </div> <!-- main-panel-header rounded-window-top -->
            <div class="main-panel-content rounded-window-bottom">
              <div class="method">
                <div class="method-content">
                  <a name="tc_07_validateFields">
                  </a> <!-- tc_07_validateFields -->
                  <span class="method-name">tc_07_validateFields</span>
                </div> <!-- method-content -->
              </div> <!-- method -->
            </div> <!-- main-panel-content rounded-window-bottom -->
          </div> <!-- suite-Suite-class-passed -->
          <div class="suite-Suite-class-passed">
            <div class="main-panel-header rounded-window-top">
              <img src="passed.png"/>
              <span class="class-name">test.TC003_LoginWithEmail</span>
            </div> <!-- main-panel-header rounded-window-top -->
            <div class="main-panel-content rounded-window-bottom">
              <div class="method">
                <div class="method-content">
                  <a name="tc_03_loginToSpiceJetApp(pavan789@gmail.com, Pundu)">
                  </a> <!-- tc_03_loginToSpiceJetApp(pavan789@gmail.com, Pundu) -->
                  <span class="method-name">tc_03_loginToSpiceJetApp</span>
                  <span class="parameters">(pavan789@gmail.com, Pundu)</span>
                </div> <!-- method-content -->
              </div> <!-- method -->
              <div class="method">
                <div class="method-content">
                  <a name="tc_03_loginToSpiceJetApp(pavan789.com, Pundu)">
                  </a> <!-- tc_03_loginToSpiceJetApp(pavan789.com, Pundu) -->
                  <span class="method-name">tc_03_loginToSpiceJetApp</span>
                  <span class="parameters">(pavan789.com, Pundu)</span>
                </div> <!-- method-content -->
              </div> <!-- method -->
            </div> <!-- main-panel-content rounded-window-bottom -->
          </div> <!-- suite-Suite-class-passed -->
        </div> <!-- panel Suite -->
        <div panel-name="test-xml-Suite" class="panel">
          <div class="main-panel-header rounded-window-top">
            <span class="header-content">E:\EclipseClass\SpiceJetProject\testng.xml</span>
          </div> <!-- main-panel-header rounded-window-top -->
          <div class="main-panel-content rounded-window-bottom">
            <pre>
&lt;?xml version=&quot;1.0&quot; encoding=&quot;UTF-8&quot;?&gt;
&lt;!DOCTYPE suite SYSTEM &quot;https://testng.org/testng-1.0.dtd&quot;&gt;
&lt;suite name=&quot;Suite&quot; guice-stage=&quot;DEVELOPMENT&quot;&gt;
  &lt;test thread-count=&quot;5&quot; name=&quot;Test&quot;&gt;
    &lt;classes&gt;
      &lt;class name=&quot;test.TC002_SignUp&quot;/&gt;
      &lt;class name=&quot;test.TC001_NavigatingToSpiceJet&quot;/&gt;
      &lt;class name=&quot;test.TC005_NewFlightRoundTrip&quot;/&gt;
      &lt;class name=&quot;test.TC006_SelectFlights&quot;/&gt;
      &lt;class name=&quot;test.TC003_LoginWithEmail&quot;/&gt;
      &lt;class name=&quot;test.TC007_ValidateFieldsOnBookingPage&quot;/&gt;
      &lt;class name=&quot;test.TC004_NewFlightOneWay&quot;/&gt;
    &lt;/classes&gt;
  &lt;/test&gt; &lt;!-- Test --&gt;
&lt;/suite&gt; &lt;!-- Suite --&gt;
            </pre>
          </div> <!-- main-panel-content rounded-window-bottom -->
        </div> <!-- panel -->
        <div panel-name="testlist-Suite" class="panel">
          <div class="main-panel-header rounded-window-top">
            <span class="header-content">Tests for Suite</span>
          </div> <!-- main-panel-header rounded-window-top -->
          <div class="main-panel-content rounded-window-bottom">
            <ul>
              <li>
                <span class="test-name">Test (7 classes)</span>
              </li>
            </ul>
          </div> <!-- main-panel-content rounded-window-bottom -->
        </div> <!-- panel -->
        <div panel-name="group-Suite" class="panel">
          <div class="main-panel-header rounded-window-top">
            <span class="header-content">Groups for Suite</span>
          </div> <!-- main-panel-header rounded-window-top -->
          <div class="main-panel-content rounded-window-bottom">
          </div> <!-- main-panel-content rounded-window-bottom -->
        </div> <!-- panel -->
        <div panel-name="times-Suite" class="panel">
          <div class="main-panel-header rounded-window-top">
            <span class="header-content">Times for Suite</span>
          </div> <!-- main-panel-header rounded-window-top -->
          <div class="main-panel-content rounded-window-bottom">
            <div class="times-div">
              <script type="text/javascript">
suiteTableInitFunctions.push('tableData_Suite');
function tableData_Suite() {
var data = new google.visualization.DataTable();
data.addColumn('number', 'Number');
data.addColumn('string', 'Method');
data.addColumn('string', 'Class');
data.addColumn('number', 'Time (ms)');
data.addRows(16);
data.setCell(0, 0, 0)
data.setCell(0, 1, 'tc_06_selectFlights')
data.setCell(0, 2, 'test.TC006_SelectFlights')
data.setCell(0, 3, 28724);
data.setCell(1, 0, 1)
data.setCell(1, 1, 'tc_02_signUpToSpiceJetApp')
data.setCell(1, 2, 'test.TC002_SignUp')
data.setCell(1, 3, 20811);
data.setCell(2, 0, 2)
data.setCell(2, 1, 'tc_02_signUpToSpiceJetApp')
data.setCell(2, 2, 'test.TC002_SignUp')
data.setCell(2, 3, 20796);
data.setCell(3, 0, 3)
data.setCell(3, 1, 'tc_02_signUpToSpiceJetApp')
data.setCell(3, 2, 'test.TC002_SignUp')
data.setCell(3, 3, 20704);
data.setCell(4, 0, 4)
data.setCell(4, 1, 'tc_02_signUpToSpiceJetApp')
data.setCell(4, 2, 'test.TC002_SignUp')
data.setCell(4, 3, 20613);
data.setCell(5, 0, 5)
data.setCell(5, 1, 'tc_02_signUpToSpiceJetApp')
data.setCell(5, 2, 'test.TC002_SignUp')
data.setCell(5, 3, 20440);
data.setCell(6, 0, 6)
data.setCell(6, 1, 'tc_02_signUpToSpiceJetApp')
data.setCell(6, 2, 'test.TC002_SignUp')
data.setCell(6, 3, 20440);
data.setCell(7, 0, 7)
data.setCell(7, 1, 'tc_02_signUpToSpiceJetApp')
data.setCell(7, 2, 'test.TC002_SignUp')
data.setCell(7, 3, 20373);
data.setCell(8, 0, 8)
data.setCell(8, 1, 'tc_03_loginToSpiceJetApp')
data.setCell(8, 2, 'test.TC003_LoginWithEmail')
data.setCell(8, 3, 10939);
data.setCell(9, 0, 9)
data.setCell(9, 1, 'tc_04_bookOneWayFlight')
data.setCell(9, 2, 'test.TC004_NewFlightOneWay')
data.setCell(9, 3, 4895);
data.setCell(10, 0, 10)
data.setCell(10, 1, 'tc_05_bookNewRoundTripFlight')
data.setCell(10, 2, 'test.TC005_NewFlightRoundTrip')
data.setCell(10, 3, 3029);
data.setCell(11, 0, 11)
data.setCell(11, 1, 'tc_03_loginToSpiceJetApp')
data.setCell(11, 2, 'test.TC003_LoginWithEmail')
data.setCell(11, 3, 2122);
data.setCell(12, 0, 12)
data.setCell(12, 1, 'tc_03_loginToSpiceJetApp')
data.setCell(12, 2, 'test.TC003_LoginWithEmail')
data.setCell(12, 3, 1888);
data.setCell(13, 0, 13)
data.setCell(13, 1, 'tc_03_loginToSpiceJetApp')
data.setCell(13, 2, 'test.TC003_LoginWithEmail')
data.setCell(13, 3, 1721);
data.setCell(14, 0, 14)
data.setCell(14, 1, 'tc_07_validateFields')
data.setCell(14, 2, 'test.TC007_ValidateFieldsOnBookingPage')
data.setCell(14, 3, 1554);
data.setCell(15, 0, 15)
data.setCell(15, 1, 'tc_01_navigateToSpiceJetHomePage')
data.setCell(15, 2, 'test.TC001_NavigatingToSpiceJet')
data.setCell(15, 3, 4);
window.suiteTableData['Suite']= { tableData: data, tableDiv: 'times-div-Suite'}
return data;
}
              </script>
              <span class="suite-total-time">Total running time: 3 minutes</span>
              <div id="times-div-Suite">
              </div> <!-- times-div-Suite -->
            </div> <!-- times-div -->
          </div> <!-- main-panel-content rounded-window-bottom -->
        </div> <!-- panel -->
        <div panel-name="reporter-Suite" class="panel">
          <div class="main-panel-header rounded-window-top">
            <span class="header-content">Reporter output for Suite</span>
          </div> <!-- main-panel-header rounded-window-top -->
          <div class="main-panel-content rounded-window-bottom">
          </div> <!-- main-panel-content rounded-window-bottom -->
        </div> <!-- panel -->
        <div panel-name="ignored-methods-Suite" class="panel">
          <div class="main-panel-header rounded-window-top">
            <span class="header-content">12 ignored methods</span>
          </div> <!-- main-panel-header rounded-window-top -->
          <div class="main-panel-content rounded-window-bottom">
            <div class="ignored-class-div">
              <span class="ignored-class-name">test.TC005_NewFlightRoundTrip</span>
              <div class="ignored-methods-div">
                <span class="ignored-method-name">startReport</span>
                <br/>
                <span class="ignored-method-name">endReport</span>
                <br/>
              </div> <!-- ignored-methods-div -->
            </div> <!-- ignored-class-div -->
            <div class="ignored-class-div">
              <span class="ignored-class-name">test.TC004_NewFlightOneWay</span>
              <div class="ignored-methods-div">
                <span class="ignored-method-name">startReport</span>
                <br/>
                <span class="ignored-method-name">endReport</span>
                <br/>
              </div> <!-- ignored-methods-div -->
            </div> <!-- ignored-class-div -->
            <div class="ignored-class-div">
              <span class="ignored-class-name">test.TC006_SelectFlights</span>
              <div class="ignored-methods-div">
                <span class="ignored-method-name">startReport</span>
                <br/>
                <span class="ignored-method-name">endReport</span>
                <br/>
              </div> <!-- ignored-methods-div -->
            </div> <!-- ignored-class-div -->
            <div class="ignored-class-div">
              <span class="ignored-class-name">test.TC001_NavigatingToSpiceJet</span>
              <div class="ignored-methods-div">
                <span class="ignored-method-name">startReport</span>
                <br/>
                <span class="ignored-method-name">endReport</span>
                <br/>
              </div> <!-- ignored-methods-div -->
            </div> <!-- ignored-class-div -->
            <div class="ignored-class-div">
              <span class="ignored-class-name">test.TC007_ValidateFieldsOnBookingPage</span>
              <div class="ignored-methods-div">
                <span class="ignored-method-name">startReport</span>
                <br/>
                <span class="ignored-method-name">endReport</span>
                <br/>
              </div> <!-- ignored-methods-div -->
            </div> <!-- ignored-class-div -->
            <div class="ignored-class-div">
              <span class="ignored-class-name">test.TC003_LoginWithEmail</span>
              <div class="ignored-methods-div">
                <span class="ignored-method-name">startReport</span>
                <br/>
                <span class="ignored-method-name">endReport</span>
                <br/>
              </div> <!-- ignored-methods-div -->
            </div> <!-- ignored-class-div -->
          </div> <!-- main-panel-content rounded-window-bottom -->
        </div> <!-- panel -->
        <div panel-name="chronological-Suite" class="panel">
          <div class="main-panel-header rounded-window-top">
            <span class="header-content">Methods in chronological order</span>
          </div> <!-- main-panel-header rounded-window-top -->
          <div class="main-panel-content rounded-window-bottom">
            <div class="chronological-class">
              <div class="chronological-class-name">test.TC002_SignUp</div> <!-- chronological-class-name -->
              <div class="configuration-suite before">
                <span class="method-name">startReport</span>
                <span class="method-start">0 ms</span>
              </div> <!-- configuration-suite before -->
            </div> <!-- chronological-class -->
            <div class="chronological-class">
              <div class="chronological-class-name">test.TC001_NavigatingToSpiceJet</div> <!-- chronological-class-name -->
              <div class="configuration-test before">
                <span class="method-name">setup</span>
                <span class="method-start">299 ms</span>
              </div> <!-- configuration-test before -->
            </div> <!-- chronological-class -->
            <div class="chronological-class">
              <div class="chronological-class-name">test.TC002_SignUp</div> <!-- chronological-class-name -->
              <div class="configuration-test before">
                <span class="method-name">setup</span>
                <span class="method-start">300 ms</span>
              </div> <!-- configuration-test before -->
            </div> <!-- chronological-class -->
            <div class="chronological-class">
              <div class="chronological-class-name">test.TC003_LoginWithEmail</div> <!-- chronological-class-name -->
              <div class="configuration-test before">
                <span class="method-name">setup</span>
                <span class="method-start">300 ms</span>
              </div> <!-- configuration-test before -->
            </div> <!-- chronological-class -->
            <div class="chronological-class">
              <div class="chronological-class-name">test.TC004_NewFlightOneWay</div> <!-- chronological-class-name -->
              <div class="configuration-test before">
                <span class="method-name">setup</span>
                <span class="method-start">300 ms</span>
              </div> <!-- configuration-test before -->
            </div> <!-- chronological-class -->
            <div class="chronological-class">
              <div class="chronological-class-name">test.TC005_NewFlightRoundTrip</div> <!-- chronological-class-name -->
              <div class="configuration-test before">
                <span class="method-name">setup</span>
                <span class="method-start">301 ms</span>
              </div> <!-- configuration-test before -->
            </div> <!-- chronological-class -->
            <div class="chronological-class">
              <div class="chronological-class-name">test.TC007_ValidateFieldsOnBookingPage</div> <!-- chronological-class-name -->
              <div class="configuration-test before">
                <span class="method-name">setup</span>
                <span class="method-start">301 ms</span>
              </div> <!-- configuration-test before -->
            </div> <!-- chronological-class -->
            <div class="chronological-class">
              <div class="chronological-class-name">test.TC006_SelectFlights</div> <!-- chronological-class-name -->
              <div class="configuration-test before">
                <span class="method-name">setup</span>
                <span class="method-start">301 ms</span>
              </div> <!-- configuration-test before -->
            </div> <!-- chronological-class -->
            <div class="chronological-class">
              <div class="chronological-class-name">test.TC002_SignUp</div> <!-- chronological-class-name -->
              <div class="configuration-class before">
                <span class="method-name">testDetails</span>
                <span class="method-start">351 ms</span>
              </div> <!-- configuration-class before -->
              <div class="configuration-method before">
                <span class="method-name">start</span>
                <span class="method-start">2502 ms</span>
              </div> <!-- configuration-method before -->
              <div class="test-method">
                <img src="failed.png">
                </img>
                <span class="method-name">tc_02_signUpToSpiceJetApp(Mr, Pavan, Kumar, India, 6/14/1992, 9441349527, pavan789@gmail.com, Pundu567@, Pundu567@)</span>
                <span class="method-start">13448 ms</span>
              </div> <!-- test-method -->
              <div class="configuration-method after">
                <span class="method-name">close</span>
                <span class="method-start">34263 ms</span>
              </div> <!-- configuration-method after -->
              <div class="configuration-method before">
                <span class="method-name">start</span>
                <span class="method-start">34364 ms</span>
              </div> <!-- configuration-method before -->
              <div class="test-method">
                <img src="failed.png">
                </img>
                <span class="method-name">tc_02_signUpToSpiceJetApp(Mr, Pavan, , India, 6/14/1992, 9441349527, pavan789@gmail.com, Pundu567@, Pundu567@)</span>
                <span class="method-start">43513 ms</span>
              </div> <!-- test-method -->
              <div class="configuration-method after">
                <span class="method-name">close</span>
                <span class="method-start">64223 ms</span>
              </div> <!-- configuration-method after -->
              <div class="configuration-method before">
                <span class="method-name">start</span>
                <span class="method-start">64315 ms</span>
              </div> <!-- configuration-method before -->
              <div class="test-method">
                <img src="failed.png">
                </img>
                <span class="method-name">tc_02_signUpToSpiceJetApp(Mr, , Kumar, India, 6/14/1992, 9441349527, pavan789@gmail.com, Pundu567@, Pundu567@)</span>
                <span class="method-start">73968 ms</span>
              </div> <!-- test-method -->
              <div class="configuration-method after">
                <span class="method-name">close</span>
                <span class="method-start">94768 ms</span>
              </div> <!-- configuration-method after -->
              <div class="configuration-method before">
                <span class="method-name">start</span>
                <span class="method-start">94844 ms</span>
              </div> <!-- configuration-method before -->
              <div class="test-method">
                <img src="failed.png">
                </img>
                <span class="method-name">tc_02_signUpToSpiceJetApp(Mr, Pavan, Kumar, India, 6/14/1992, 9441349527, pavan789.com, Pundu567@, Pundu567@)</span>
                <span class="method-start">106649 ms</span>
              </div> <!-- test-method -->
              <div class="configuration-method after">
                <span class="method-name">close</span>
                <span class="method-start">127024 ms</span>
              </div> <!-- configuration-method after -->
              <div class="configuration-method before">
                <span class="method-name">start</span>
                <span class="method-start">127116 ms</span>
              </div> <!-- configuration-method before -->
              <div class="test-method">
                <img src="failed.png">
                </img>
                <span class="method-name">tc_02_signUpToSpiceJetApp(Mr, Pavan, Kumar, India, 6/14/1992, 9441349527, pavan789@gmail.com, Pundu, Pundu)</span>
                <span class="method-start">154419 ms</span>
              </div> <!-- test-method -->
              <div class="configuration-method after">
                <span class="method-name">close</span>
                <span class="method-start">174859 ms</span>
              </div> <!-- configuration-method after -->
              <div class="configuration-method before">
                <span class="method-name">start</span>
                <span class="method-start">174968 ms</span>
              </div> <!-- configuration-method before -->
              <div class="test-method">
                <img src="failed.png">
                </img>
                <span class="method-name">tc_02_signUpToSpiceJetApp(Mr, Pavan, Kumar, India, 6/14/1992, 9441349527, pavan789@gmail.com, Pundu567@, Pundu)</span>
                <span class="method-start">188417 ms</span>
              </div> <!-- test-method -->
              <div class="configuration-method after">
                <span class="method-name">close</span>
                <span class="method-start">208862 ms</span>
              </div> <!-- configuration-method after -->
              <div class="configuration-method before">
                <span class="method-name">start</span>
                <span class="method-start">209445 ms</span>
              </div> <!-- configuration-method before -->
              <div class="test-method">
                <img src="failed.png">
                </img>
                <span class="method-name">tc_02_signUpToSpiceJetApp(Mr, Pavan, Kumar, India, 6/14/1992, 987654321, pavan789@gmail.com, Pundu567@, Pundu567@)</span>
                <span class="method-start">218672 ms</span>
              </div> <!-- test-method -->
              <div class="configuration-method after">
                <span class="method-name">close</span>
                <span class="method-start">239289 ms</span>
              </div> <!-- configuration-method after -->
            </div> <!-- chronological-class -->
            <div class="chronological-class">
              <div class="chronological-class-name">test.TC001_NavigatingToSpiceJet</div> <!-- chronological-class-name -->
              <div class="configuration-method before">
                <span class="method-name">start</span>
                <span class="method-start">239375 ms</span>
              </div> <!-- configuration-method before -->
              <div class="configuration-class before">
                <span class="method-name">testDetails</span>
                <span class="method-start">239375 ms</span>
              </div> <!-- configuration-class before -->
              <div class="test-method">
                <span class="method-name">tc_01_navigateToSpiceJetHomePage</span>
                <span class="method-start">248534 ms</span>
              </div> <!-- test-method -->
              <div class="configuration-method after">
                <span class="method-name">close</span>
                <span class="method-start">248538 ms</span>
              </div> <!-- configuration-method after -->
            </div> <!-- chronological-class -->
            <div class="chronological-class">
              <div class="chronological-class-name">test.TC005_NewFlightRoundTrip</div> <!-- chronological-class-name -->
              <div class="configuration-class before">
                <span class="method-name">testDetails</span>
                <span class="method-start">248811 ms</span>
              </div> <!-- configuration-class before -->
              <div class="configuration-method before">
                <span class="method-name">start</span>
                <span class="method-start">248889 ms</span>
              </div> <!-- configuration-method before -->
              <div class="test-method">
                <span class="method-name">tc_05_bookNewRoundTripFlight(Chennai, Thu, 11 Apr 2024, Sun, 14 Apr 2024)</span>
                <span class="method-start">258007 ms</span>
              </div> <!-- test-method -->
              <div class="configuration-method after">
                <span class="method-name">close</span>
                <span class="method-start">261041 ms</span>
              </div> <!-- configuration-method after -->
            </div> <!-- chronological-class -->
            <div class="chronological-class">
              <div class="chronological-class-name">test.TC006_SelectFlights</div> <!-- chronological-class-name -->
              <div class="configuration-method before">
                <span class="method-name">start</span>
                <span class="method-start">261284 ms</span>
              </div> <!-- configuration-method before -->
              <div class="configuration-class before">
                <span class="method-name">testDetails</span>
                <span class="method-start">261284 ms</span>
              </div> <!-- configuration-class before -->
              <div class="test-method">
                <img src="failed.png">
                </img>
                <span class="method-name">tc_06_selectFlights</span>
                <span class="method-start">281752 ms</span>
              </div> <!-- test-method -->
              <div class="configuration-method after">
                <span class="method-name">close</span>
                <span class="method-start">310480 ms</span>
              </div> <!-- configuration-method after -->
            </div> <!-- chronological-class -->
            <div class="chronological-class">
              <div class="chronological-class-name">test.TC003_LoginWithEmail</div> <!-- chronological-class-name -->
              <div class="configuration-class before">
                <span class="method-name">testDetails</span>
                <span class="method-start">310707 ms</span>
              </div> <!-- configuration-class before -->
              <div class="configuration-method before">
                <span class="method-name">start</span>
                <span class="method-start">310785 ms</span>
              </div> <!-- configuration-method before -->
              <div class="test-method">
                <img src="failed.png">
                </img>
                <span class="method-name">tc_03_loginToSpiceJetApp(pavan789@gmail.com, Pundu567@)</span>
                <span class="method-start">319819 ms</span>
              </div> <!-- test-method -->
              <div class="configuration-method after">
                <span class="method-name">close</span>
                <span class="method-start">321540 ms</span>
              </div> <!-- configuration-method after -->
              <div class="configuration-method before">
                <span class="method-name">start</span>
                <span class="method-start">321778 ms</span>
              </div> <!-- configuration-method before -->
              <div class="test-method">
                <span class="method-name">tc_03_loginToSpiceJetApp(pavan789@gmail.com, Pundu)</span>
                <span class="method-start">330947 ms</span>
              </div> <!-- test-method -->
              <div class="configuration-method after">
                <span class="method-name">close</span>
                <span class="method-start">333069 ms</span>
              </div> <!-- configuration-method after -->
              <div class="configuration-method before">
                <span class="method-name">start</span>
                <span class="method-start">333294 ms</span>
              </div> <!-- configuration-method before -->
              <div class="test-method">
                <img src="failed.png">
                </img>
                <span class="method-name">tc_03_loginToSpiceJetApp(pavan789.com, Pundu567@)</span>
                <span class="method-start">342720 ms</span>
              </div> <!-- test-method -->
              <div class="configuration-method after">
                <span class="method-name">close</span>
                <span class="method-start">353659 ms</span>
              </div> <!-- configuration-method after -->
              <div class="configuration-method before">
                <span class="method-name">start</span>
                <span class="method-start">353921 ms</span>
              </div> <!-- configuration-method before -->
              <div class="test-method">
                <span class="method-name">tc_03_loginToSpiceJetApp(pavan789.com, Pundu)</span>
                <span class="method-start">363225 ms</span>
              </div> <!-- test-method -->
              <div class="configuration-method after">
                <span class="method-name">close</span>
                <span class="method-start">365113 ms</span>
              </div> <!-- configuration-method after -->
            </div> <!-- chronological-class -->
            <div class="chronological-class">
              <div class="chronological-class-name">test.TC007_ValidateFieldsOnBookingPage</div> <!-- chronological-class-name -->
              <div class="configuration-class before">
                <span class="method-name">testDetails</span>
                <span class="method-start">365342 ms</span>
              </div> <!-- configuration-class before -->
              <div class="configuration-method before">
                <span class="method-name">start</span>
                <span class="method-start">365342 ms</span>
              </div> <!-- configuration-method before -->
              <div class="test-method">
                <span class="method-name">tc_07_validateFields</span>
                <span class="method-start">375590 ms</span>
              </div> <!-- test-method -->
              <div class="configuration-method after">
                <span class="method-name">close</span>
                <span class="method-start">377149 ms</span>
              </div> <!-- configuration-method after -->
            </div> <!-- chronological-class -->
            <div class="chronological-class">
              <div class="chronological-class-name">test.TC004_NewFlightOneWay</div> <!-- chronological-class-name -->
              <div class="configuration-class before">
                <span class="method-name">testDetails</span>
                <span class="method-start">377393 ms</span>
              </div> <!-- configuration-class before -->
              <div class="configuration-method before">
                <span class="method-name">start</span>
                <span class="method-start">377404 ms</span>
              </div> <!-- configuration-method before -->
              <div class="test-method">
                <span class="method-name">tc_04_bookOneWayFlight(Chennai)</span>
                <span class="method-start">412049 ms</span>
              </div> <!-- test-method -->
              <div class="configuration-method after">
                <span class="method-name">close</span>
                <span class="method-start">416945 ms</span>
              </div> <!-- configuration-method after -->
            </div> <!-- chronological-class -->
            <div class="chronological-class">
              <div class="chronological-class-name">test.TC002_SignUp</div> <!-- chronological-class-name -->
              <div class="configuration-suite after">
                <span class="method-name">endReport</span>
                <span class="method-start">417305 ms</span>
              </div> <!-- configuration-suite after -->
          </div> <!-- main-panel-content rounded-window-bottom -->
        </div> <!-- panel -->
      </div> <!-- main-panel-root -->
    </div> <!-- wrapper -->
  </body>
<script type="text/javascript" src="testng-reports2.js"></script>
</html>
